<?xml version="1.0" encoding="UTF-8"?>
<testng-results skipped="0" failed="0" total="1" passed="1">
  <reporter-output>
  </reporter-output>
  <suite name="WebApplication1" duration-ms="198" started-at="2020-06-13T10:01:21Z" finished-at="2020-06-13T10:01:21Z">
    <groups>
    </groups>
    <test name="junit.testUtils.NewEmptyJUnitTest" duration-ms="198" started-at="2020-06-13T10:01:21Z" finished-at="2020-06-13T10:01:21Z">
      <class name="junit.testUtils.NewEmptyJUnitTest">
        <test-method status="PASS" signature="hello()[pri:0, instance:hello(junit.testUtils.NewEmptyJUnitTest)]" name="hello" duration-ms="14" started-at="2020-06-13T17:01:21Z" finished-at="2020-06-13T17:01:21Z">
          <reporter-output>
          </reporter-output>
        </test-method> <!-- hello -->
      </class> <!-- junit.testUtils.NewEmptyJUnitTest -->
    </test> <!-- junit.testUtils.NewEmptyJUnitTest -->
  </suite> <!-- WebApplication1 -->
</testng-results>
